<?xml version="1.0"?>
<!DOCTYPE coverage SYSTEM "http://cobertura.sourceforge.net/xml/coverage-04.dtd">
<coverage 
line-rate="0.71" lines-valid="96" lines-covered="68" branches-valid="8" branches-covered="5" branch-rate="0.62" complexity="0" version="1.0" timestamp="1689084136042">
    <sources>
        <source>--source</source>
        <source>C:/td_a_rendre/src/main/scala</source>
    </sources>
    <packages>
        <package name="fr.esgi.iabd.data" line-rate="0.71" branch-rate="0.62" complexity="0">
            <classes>
                <class name="fr.esgi.iabd.data.Main" filename="Main.scala" line-rate="0.00" branch-rate="0.00" complexity="0">
                    <methods>
                        <method name="fr.esgi.iabd.data/Main/run" signature="()V" line-rate="0.00" branch-rate="0.00" complexity="0">
                            <lines>
                                <line number="18" hits="0" branch="false"/>
                                <line number="14" hits="0" branch="false"/>
                                <line number="21" hits="0" branch="false"/>
                                <line number="14" hits="0" branch="true"/>
                                <line number="11" hits="0" branch="false"/>
                                <line number="17" hits="0" branch="false"/>
                                <line number="13" hits="0" branch="false"/>
                                <line number="18" hits="0" branch="false"/>
                                <line number="14" hits="0" branch="false"/>
                                <line number="21" hits="0" branch="false"/>
                                <line number="14" hits="0" branch="false"/>
                                <line number="13" hits="0" branch="false"/>
                                <line number="13" hits="0" branch="true"/>
                                <line number="13" hits="0" branch="false"/>
                                <line number="21" hits="0" branch="false"/>
                                <line number="11" hits="0" branch="false"/>
                                <line number="18" hits="0" branch="false"/>
                                <line number="14" hits="0" branch="false"/>
                                <line number="14" hits="0" branch="false"/>
                                <line number="20" hits="0" branch="false"/>
                            </lines>
                        </method>
                        <method name="fr.esgi.iabd.data/Main/&lt;none&gt;" signature="()V" line-rate="0.00" branch-rate="0.00" complexity="0">
                            <lines>
                                <line number="5" hits="0" branch="false"/>
                                <line number="5" hits="0" branch="false"/>
                                <line number="7" hits="0" branch="false"/>
                                <line number="6" hits="0" branch="false"/>
                            </lines>
                        </method>
                    </methods>
                    <lines>
                        <line number="18" hits="0" branch="false"/>
                        <line number="14" hits="0" branch="false"/>
                        <line number="21" hits="0" branch="false"/>
                        <line number="14" hits="0" branch="true"/>
                        <line number="11" hits="0" branch="false"/>
                        <line number="17" hits="0" branch="false"/>
                        <line number="13" hits="0" branch="false"/>
                        <line number="5" hits="0" branch="false"/>
                        <line number="18" hits="0" branch="false"/>
                        <line number="14" hits="0" branch="false"/>
                        <line number="5" hits="0" branch="false"/>
                        <line number="21" hits="0" branch="false"/>
                        <line number="14" hits="0" branch="false"/>
                        <line number="7" hits="0" branch="false"/>
                        <line number="13" hits="0" branch="false"/>
                        <line number="13" hits="0" branch="true"/>
                        <line number="13" hits="0" branch="false"/>
                        <line number="21" hits="0" branch="false"/>
                        <line number="11" hits="0" branch="false"/>
                        <line number="18" hits="0" branch="false"/>
                        <line number="14" hits="0" branch="false"/>
                        <line number="14" hits="0" branch="false"/>
                        <line number="20" hits="0" branch="false"/>
                        <line number="6" hits="0" branch="false"/>
                    </lines>
                </class>
                <class 
                name="fr.esgi.iabd.data.ArgumentsParser" filename="ArgumentParser.scala" line-rate="0.95" branch-rate="0.75" complexity="0">
                    <methods>
                        <method 
                        name="fr.esgi.iabd.data/ArgumentsParser/&lt;none&gt;" signature="()V" line-rate="1.00" branch-rate="1.00" complexity="0">
                            <lines>
                                <line number="24" hits="1" branch="false"/>
                                <line number="23" hits="1" branch="false"/>
                                <line number="18" hits="1" branch="false"/>
                                <line number="14" hits="1" branch="false"/>
                                <line number="19" hits="1" branch="false"/>
                                <line number="23" hits="1" branch="false"/>
                                <line number="15" hits="1" branch="false"/>
                                <line number="17" hits="1" branch="false"/>
                                <line number="21" hits="1" branch="false"/>
                                <line number="16" hits="1" branch="false"/>
                                <line number="21" hits="1" branch="false"/>
                                <line number="24" hits="1" branch="false"/>
                                <line number="23" hits="1" branch="false"/>
                                <line number="18" hits="1" branch="false"/>
                                <line number="22" hits="1" branch="false"/>
                                <line number="19" hits="1" branch="false"/>
                                <line number="9" hits="1" branch="false"/>
                                <line number="23" hits="1" branch="false"/>
                                <line number="23" hits="1" branch="false"/>
                                <line number="19" hits="1" branch="false"/>
                                <line number="23" hits="1" branch="true"/>
                                <line number="16" hits="1" branch="false"/>
                                <line number="20" hits="1" branch="false"/>
                                <line number="21" hits="1" branch="false"/>
                                <line number="24" hits="1" branch="true"/>
                                <line number="18" hits="1" branch="false"/>
                            </lines>
</method>
                        <method 
                        name="fr.esgi.iabd.data/ArgumentsParser/parse" signature="()V" line-rate="0.85" branch-rate="0.50" complexity="0">
                            <lines>
                                <line number="30" hits="1" branch="false"/>
                                <line number="32" hits="1" branch="false"/>
                                <line number="30" hits="1" branch="false"/>
                                <line number="33" hits="0" branch="true"/>
                                <line number="30" hits="1" branch="false"/>
                                <line number="32" hits="1" branch="false"/>
                                <line number="33" hits="0" branch="false"/>
                                <line number="30" hits="1" branch="false"/>
                                <line number="30" hits="1" branch="false"/>
                                <line number="32" hits="1" branch="true"/>
                                <line number="30" hits="1" branch="false"/>
                                <line number="35" hits="1" branch="false"/>
                                <line number="32" hits="1" branch="false"/>
                            </lines>
</method>
                        <method 
                        name="fr.esgi.iabd.data/ArgumentsParser/isValidFile" signature="()V" line-rate="1.00" branch-rate="1.00" complexity="0">
                            <lines>
                                <line number="41" hits="1" branch="false"/>
                                <line number="40" hits="1" branch="false"/>
                                <line number="41" hits="1" branch="false"/>
                                <line number="41" hits="1" branch="false"/>
                            </lines>
</method>
                    </methods>
                    <lines>
                        <line number="24" hits="1" branch="false"/>
                        <line number="30" hits="1" branch="false"/>
                        <line number="41" hits="1" branch="false"/>
                        <line number="23" hits="1" branch="false"/>
                        <line number="18" hits="1" branch="false"/>
                        <line number="32" hits="1" branch="false"/>
                        <line number="14" hits="1" branch="false"/>
                        <line number="19" hits="1" branch="false"/>
                        <line number="30" hits="1" branch="false"/>
                        <line number="33" hits="0" branch="true"/>
                        <line number="23" hits="1" branch="false"/>
                        <line number="15" hits="1" branch="false"/>
                        <line number="17" hits="1" branch="false"/>
                        <line number="21" hits="1" branch="false"/>
                        <line number="40" hits="1" branch="false"/>
                        <line number="16" hits="1" branch="false"/>
                        <line number="21" hits="1" branch="false"/>
                        <line number="24" hits="1" branch="false"/>
                        <line number="30" hits="1" branch="false"/>
                        <line number="23" hits="1" branch="false"/>
                        <line number="18" hits="1" branch="false"/>
                        <line number="41" hits="1" branch="false"/>
                        <line number="22" hits="1" branch="false"/>
                        <line number="32" hits="1" branch="false"/>
                        <line number="19" hits="1" branch="false"/>
                        <line number="33" hits="0" branch="false"/>
                        <line number="9" hits="1" branch="false"/>
                        <line number="23" hits="1" branch="false"/>
                        <line number="30" hits="1" branch="false"/>
                        <line number="30" hits="1" branch="false"/>
                        <line number="32" hits="1" branch="true"/>
                        <line number="23" hits="1" branch="false"/>
                        <line number="19" hits="1" branch="false"/>
                        <line number="23" hits="1" branch="true"/>
                        <line number="16" hits="1" branch="false"/>
                        <line number="20" hits="1" branch="false"/>
                        <line number="30" hits="1" branch="false"/>
                        <line number="35" hits="1" branch="false"/>
                        <line number="21" hits="1" branch="false"/>
                        <line number="41" hits="1" branch="false"/>
                        <line number="24" hits="1" branch="true"/>
                        <line number="18" hits="1" branch="false"/>
                        <line number="32" hits="1" branch="false"/>
                    </lines>
</class>
                <class name="fr.esgi.iabd.data.Data" filename="Data.scala" line-rate="0.91" branch-rate="1.00" complexity="0">
                    <methods>
                        <method name="fr.esgi.iabd.data/Data/parse" signature="()V" line-rate="1.00" branch-rate="1.00" complexity="0">
                            <lines>
                                <line number="43" hits="1" branch="false"/>
                                <line number="43" hits="1" branch="false"/>
                                <line number="42" hits="1" branch="false"/>
                                <line number="43" hits="1" branch="false"/>
                            </lines>
                        </method>
                        <method name="fr.esgi.iabd.data/Data/meanAge" signature="()V" line-rate="1.00" branch-rate="1.00" complexity="0">
                            <lines>
                                <line number="30" hits="1" branch="true"/>
                                <line number="35" hits="1" branch="false"/>
                                <line number="28" hits="1" branch="false"/>
                                <line number="32" hits="1" branch="false"/>
                                <line number="35" hits="1" branch="false"/>
                                <line number="27" hits="1" branch="false"/>
                                <line number="30" hits="1" branch="false"/>
                                <line number="34" hits="1" branch="false"/>
                                <line number="34" hits="1" branch="false"/>
                                <line number="35" hits="1" branch="false"/>
                                <line number="27" hits="1" branch="false"/>
                                <line number="30" hits="1" branch="false"/>
                                <line number="32" hits="1" branch="true"/>
                            </lines>
                        </method>
                        <method name="fr.esgi.iabd.data/Data/nbUser" signature="()V" line-rate="1.00" branch-rate="1.00" complexity="0">
                            <lines>
                                <line number="20" hits="1" branch="false"/>
                                <line number="19" hits="1" branch="false"/>
                                <line number="19" hits="1" branch="false"/>
                            </lines>
                        </method>
                        <method name="fr.esgi.iabd.data/Data/read" signature="()V" line-rate="0.00" branch-rate="0.00" complexity="0">
                            <lines>
                                <line number="52" hits="0" branch="false"/>
                                <line number="48" hits="0" branch="false"/>
                            </lines>
                        </method>
                    </methods>
                    <lines>
                        <line number="43" hits="1" branch="false"/>
                        <line number="30" hits="1" branch="true"/>
                        <line number="35" hits="1" branch="false"/>
                        <line number="20" hits="1" branch="false"/>
                        <line number="52" hits="0" branch="false"/>
                        <line number="28" hits="1" branch="false"/>
                        <line number="32" hits="1" branch="false"/>
                        <line number="35" hits="1" branch="false"/>
                        <line number="27" hits="1" branch="false"/>
                        <line number="43" hits="1" branch="false"/>
                        <line number="30" hits="1" branch="false"/>
                        <line number="42" hits="1" branch="false"/>
                        <line number="19" hits="1" branch="false"/>
                        <line number="34" hits="1" branch="false"/>
                        <line number="34" hits="1" branch="false"/>
                        <line number="43" hits="1" branch="false"/>
                        <line number="35" hits="1" branch="false"/>
                        <line number="27" hits="1" branch="false"/>
                        <line number="48" hits="0" branch="false"/>
                        <line number="30" hits="1" branch="false"/>
                        <line number="32" hits="1" branch="true"/>
                        <line number="19" hits="1" branch="false"/>
                    </lines>
                </class>
                <class name="fr.esgi.iabd.data.Row" filename="Data.scala" line-rate="1.00" branch-rate="1.00" complexity="0">
                    <methods>
                        <method name="fr.esgi.iabd.data/Row/parse" signature="()V" line-rate="1.00" branch-rate="1.00" complexity="0">
                            <lines>
                                <line number="10" hits="1" branch="false"/>
                                <line number="9" hits="1" branch="false"/>
                                <line number="10" hits="1" branch="false"/>
                                <line number="10" hits="1" branch="false"/>
                                <line number="10" hits="1" branch="false"/>
                                <line number="9" hits="1" branch="false"/>
                                <line number="10" hits="1" branch="false"/>
                            </lines>
                        </method>
                    </methods>
                    <lines>
                        <line number="10" hits="1" branch="false"/>
                        <line number="9" hits="1" branch="false"/>
                        <line number="10" hits="1" branch="false"/>
                        <line number="10" hits="1" branch="false"/>
                        <line number="10" hits="1" branch="false"/>
                        <line number="9" hits="1" branch="false"/>
                        <line number="10" hits="1" branch="false"/>
                    </lines>
                </class>
            </classes>
        </package>
    </packages>
</coverage>
